#-----------------------------------------------------------
# Vivado v2018.3 (64-bit)
# SW Build 2405991 on Thu Dec  6 23:38:27 MST 2018
# IP Build 2404404 on Fri Dec  7 01:43:56 MST 2018
# Start of session at: Thu Nov 21 20:17:56 2024
# Process ID: 37776
# Current directory: D:/SoC_lab/count99
# Command line: vivado.exe -gui_launcher_event rodinguilauncherevent27064 D:\SoC_lab\count99\count99.xpr
# Log file: D:/SoC_lab/count99/vivado.log
# Journal file: D:/SoC_lab/count99\vivado.jou
#-----------------------------------------------------------
start_gui
open_project D:/SoC_lab/count99/count99.xpr
INFO: [Project 1-313] Project file moved from 'D:/vivado_workspace/count99' since last save.
Scanning sources...
Finished scanning sources
INFO: [IP_Flow 19-234] Refreshing IP repositories
INFO: [IP_Flow 19-1704] No user IP repositories specified
INFO: [IP_Flow 19-2313] Loaded Vivado IP repository 'C:/Xilinx/Vivado/2018.3/data/ip'.
open_project: Time (s): cpu = 00:00:12 ; elapsed = 00:00:06 . Memory (MB): peak = 787.148 ; gain = 160.266
update_compile_order -fileset sources_1
exit
INFO: [Common 17-206] Exiting Vivado at Thu Nov 21 20:18:33 2024...
